<?xml version="1.0" encoding="UTF-8"?>
<!-- Generated by org.testng.reporters.JUnitReportReporter -->
<testsuite hostname="rad-crow" failures="0" tests="2" name="TestNGTest" time="1.744" errors="0" timestamp="20 Nov 2021 18:04:31 GMT">
  <testcase classname="TestNGTest" name="getUrl" time="1.696"/>
  <testcase classname="TestNGTest" name="urlContainsString" time="0.048"/>
</testsuite> <!-- TestNGTest -->
