<?xml version="1.0" encoding="UTF-8"?>
<!-- Generated by org.testng.reporters.JUnitReportReporter -->
<testsuite hostname="rad-crow" failures="0" tests="2" name="TestNGTest" time="2.327" errors="0" timestamp="20 Nov 2021 17:40:16 GMT">
  <testcase classname="TestNGTest" name="urlContainsString" time="0.018"/>
  <testcase classname="TestNGTest" name="getUrl" time="2.309"/>
</testsuite> <!-- TestNGTest -->
